<?xml version="1.0" encoding="UTF-8"?>
<!-- Generated by org.testng.reporters.JUnitReportReporter -->
<testsuite hostname="DESKTOP-IG6S3FM" failures="0" tests="2" name="com.automation.testcases.CRMLogin" time="12.371" errors="0" timestamp="12 Nov 2021 19:55:57 GMT" skipped="0">
  <testcase classname="com.automation.testcases.CRMLogin" name="loginapp" time="12.365"/>
  <testcase classname="com.automation.testcases.CRMLogin" name="f" time="0.006"/>
</testsuite> <!-- com.automation.testcases.CRMLogin -->
