<?xml version="1.0" encoding="UTF-8"?>
<!-- Generated by org.testng.reporters.JUnitReportReporter -->
<testsuite hostname="DESKTOP-IG6S3FM" failures="0" tests="1" name="SeleniumTestExcersice.ScreenShotWithRandomName" time="0.377" errors="0" timestamp="07 Dec 2021 06:25:55 GMT" skipped="0">
  <testcase classname="SeleniumTestExcersice.ScreenShotWithRandomName" name="f" time="0.377"/>
</testsuite> <!-- SeleniumTestExcersice.ScreenShotWithRandomName -->
