<?xml version="1.0" encoding="UTF-8"?>
<!-- Generated by org.testng.reporters.JUnitReportReporter -->
<testsuite hostname="DESKTOP-IG6S3FM" failures="0" tests="3" name="Seleniumbasictraining.CheckBoxExcersise" time="10.558" errors="0" timestamp="24 Oct 2021 06:06:39 GMT" skipped="0">
  <testcase classname="Seleniumbasictraining.CheckBoxExcersise" name="selectallcheckbox" time="5.259"/>
  <testcase classname="Seleniumbasictraining.CheckBoxExcersise" name="ToCheckParticularBox" time="0.131"/>
  <testcase classname="Seleniumbasictraining.CheckBoxExcersise" name="SelectSpecificCheckbox" time="5.168"/>
</testsuite> <!-- Seleniumbasictraining.CheckBoxExcersise -->
