<?xml version="1.0" encoding="UTF-8"?>
<!-- Generated by org.testng.reporters.JUnitReportReporter -->
<testsuite hostname="DESKTOP-IG6S3FM" failures="0" tests="2" name="Seleniumbasictraining.iFramesExcerise" time="10.180" errors="0" timestamp="30 Oct 2021 02:14:19 GMT" skipped="0">
  <testcase classname="Seleniumbasictraining.iFramesExcerise" name="IframeOperation" time="10.179"/>
  <testcase classname="Seleniumbasictraining.iFramesExcerise" name="f" time="0.001"/>
</testsuite> <!-- Seleniumbasictraining.iFramesExcerise -->
