<?xml version="1.0" encoding="UTF-8"?>
<!-- Generated by org.testng.reporters.JUnitReportReporter -->
<testsuite hostname="DESKTOP-IG6S3FM" failures="0" tests="2" name="Seleniumbasictraining.Mousedragdrop" time="2.300" errors="0" timestamp="23 Oct 2021 02:08:23 GMT" skipped="0">
  <testcase classname="Seleniumbasictraining.Mousedragdrop" name="MouseOperation" time="2.297"/>
  <testcase classname="Seleniumbasictraining.Mousedragdrop" name="f" time="0.003"/>
</testsuite> <!-- Seleniumbasictraining.Mousedragdrop -->
