<?xml version="1.0" encoding="UTF-8"?>
<!-- Generated by org.testng.reporters.JUnitReportReporter -->
<testsuite hostname="DESKTOP-IG6S3FM" failures="0" tests="2" name="Seleniumbasictraining.Sampletest1" time="0.005" errors="0" timestamp="02 Oct 2021 02:23:41 GMT" skipped="0">
  <testcase classname="Seleniumbasictraining.Sampletest1" name="a1" time="0.004"/>
  <testcase classname="Seleniumbasictraining.Sampletest1" name="b1" time="0.001"/>
</testsuite> <!-- Seleniumbasictraining.Sampletest1 -->
