<?xml version="1.0" encoding="UTF-8"?>
<!-- Generated by org.testng.reporters.JUnitReportReporter -->
<testsuite hostname="DESKTOP-IG6S3FM" failures="0" tests="1" name="Seleniumbasictraining.NewTEST1" time="0.020" errors="0" timestamp="05 Oct 2021 02:37:52 GMT" skipped="0">
  <testcase classname="Seleniumbasictraining.NewTEST1" name="f" time="0.020"/>
</testsuite> <!-- Seleniumbasictraining.NewTEST1 -->
