<?xml version="1.0" encoding="UTF-8"?>
<!-- Generated by org.testng.reporters.JUnitReportReporter -->
<testsuite hostname="DESKTOP-IG6S3FM" failures="0" tests="1" name="Seleniumbasictraining.AutoSuggestTest" time="5.413" errors="0" timestamp="16 Oct 2021 02:50:24 GMT" skipped="0">
  <testcase classname="Seleniumbasictraining.AutoSuggestTest" name="f" time="5.413"/>
</testsuite> <!-- Seleniumbasictraining.AutoSuggestTest -->
