<?xml version="1.0" encoding="UTF-8"?>
<!-- Generated by org.testng.reporters.JUnitReportReporter -->
<testsuite hostname="DESKTOP-IG6S3FM" failures="0" tests="1" name="Seleniumbasictraining.BrowserNavigation" time="14.309" errors="0" timestamp="19 Nov 2021 18:00:36 GMT" skipped="0">
  <testcase classname="Seleniumbasictraining.BrowserNavigation" name="f" time="14.309"/>
</testsuite> <!-- Seleniumbasictraining.BrowserNavigation -->
