<?xml version="1.0" encoding="UTF-8"?>
<!-- Generated by org.testng.reporters.JUnitReportReporter -->
<testsuite hostname="DESKTOP-IG6S3FM" failures="0" tests="1" name="SeleniumTestExcersice.OpenBrowserandMaximizeTheWindow" time="0.013" errors="0" timestamp="18 Oct 2021 23:36:33 GMT" skipped="0">
  <testcase classname="SeleniumTestExcersice.OpenBrowserandMaximizeTheWindow" name="f" time="0.013"/>
</testsuite> <!-- SeleniumTestExcersice.OpenBrowserandMaximizeTheWindow -->
