<?xml version="1.0" encoding="UTF-8"?>
<!-- Generated by org.testng.reporters.JUnitReportReporter -->
<testsuite hostname="DESKTOP-IG6S3FM" failures="0" tests="1" name="com.automation.utility.ExcelDataProvider" time="0.000" errors="0" timestamp="17 Nov 2021 02:51:38 GMT" skipped="1">
  <testcase classname="com.automation.utility.ExcelDataProvider" name="GetCellDatafromExcel" time="0.000">
    <skipped/>
  </testcase> <!-- GetCellDatafromExcel -->
</testsuite> <!-- com.automation.utility.ExcelDataProvider -->
