<?xml version="1.0" encoding="UTF-8"?>
<!-- Generated by org.testng.reporters.JUnitReportReporter -->
<testsuite hostname="DESKTOP-IG6S3FM" failures="0" tests="1" name="Seleniumbasictraining.SendKeys" time="16.209" errors="0" timestamp="23 Oct 2021 03:14:04 GMT" skipped="0">
  <testcase classname="Seleniumbasictraining.SendKeys" name="sendkeyexercise" time="16.209"/>
</testsuite> <!-- Seleniumbasictraining.SendKeys -->
