<?xml version="1.0" encoding="UTF-8"?>
<!-- Generated by org.testng.reporters.JUnitReportReporter -->
<testsuite hostname="DESKTOP-IG6S3FM" failures="0" tests="1" name="Seleniumbasictraining.RobotClass2" time="6.131" errors="0" timestamp="23 Oct 2021 03:15:00 GMT" skipped="0">
  <testcase classname="Seleniumbasictraining.RobotClass2" name="robotclass" time="6.131"/>
</testsuite> <!-- Seleniumbasictraining.RobotClass2 -->
