<?xml version="1.0" encoding="UTF-8"?>
<!-- Generated by org.testng.reporters.JUnitReportReporter -->
<testsuite hostname="DESKTOP-IG6S3FM" failures="0" tests="2" name="Seleniumbasictraining.MouseMoveToElement" time="6.183" errors="0" timestamp="23 Oct 2021 01:57:54 GMT" skipped="0">
  <testcase classname="Seleniumbasictraining.MouseMoveToElement" name="MouseOperation" time="6.177"/>
  <testcase classname="Seleniumbasictraining.MouseMoveToElement" name="f" time="0.006"/>
</testsuite> <!-- Seleniumbasictraining.MouseMoveToElement -->
