<?xml version="1.0" encoding="UTF-8"?>
<!-- Generated by org.testng.reporters.JUnitReportReporter -->
<testsuite hostname="DESKTOP-IG6S3FM" failures="0" tests="2" name="Seleniumbasictraining.webelementTest" time="9.681" errors="0" timestamp="23 Oct 2021 20:06:22 GMT" skipped="0">
  <testcase classname="Seleniumbasictraining.webelementTest" name="WebElementLogin" time="9.678"/>
  <testcase classname="Seleniumbasictraining.webelementTest" name="mainTest" time="0.003"/>
</testsuite> <!-- Seleniumbasictraining.webelementTest -->
