<?xml version="1.0" encoding="UTF-8"?>
<!-- Generated by org.testng.reporters.JUnitReportReporter -->
<testsuite hostname="DESKTOP-IG6S3FM" failures="0" tests="1" name="SeleniumTestExcersice.openBrowser" time="0.003" errors="0" timestamp="18 Oct 2021 23:23:05 GMT" skipped="0">
  <testcase classname="SeleniumTestExcersice.openBrowser" name="f" time="0.003"/>
</testsuite> <!-- SeleniumTestExcersice.openBrowser -->
