<?xml version="1.0" encoding="UTF-8"?>
<!-- Generated by org.testng.reporters.JUnitReportReporter -->
<testsuite hostname="DESKTOP-IG6S3FM" failures="0" tests="1" name="Seleniumbasictraining.Newscreenshot" time="3.250" errors="0" timestamp="19 Oct 2021 03:23:02 GMT" skipped="0">
  <testcase classname="Seleniumbasictraining.Newscreenshot" name="f" time="3.250"/>
</testsuite> <!-- Seleniumbasictraining.Newscreenshot -->
