<?xml version="1.0" encoding="UTF-8"?>
<!-- Generated by org.testng.reporters.JUnitReportReporter -->
<testsuite hostname="DESKTOP-IG6S3FM" failures="0" tests="1" name="SeleniumTestExcersice.NewTest" time="0.480" errors="0" timestamp="15 Nov 2021 02:25:49 GMT" skipped="0">
  <testcase classname="SeleniumTestExcersice.NewTest" name="f" time="0.480"/>
</testsuite> <!-- SeleniumTestExcersice.NewTest -->
