<?xml version="1.0" encoding="UTF-8"?>
<!-- Generated by org.testng.reporters.JUnitReportReporter -->
<testsuite hostname="DESKTOP-IG6S3FM" failures="0" tests="2" name="SeleniumTestExcersice.ValidatePageTitle" time="0.121" errors="0" timestamp="19 Oct 2021 01:17:23 GMT" skipped="0">
  <testcase classname="SeleniumTestExcersice.ValidatePageTitle" name="a" time="0.040"/>
  <testcase classname="SeleniumTestExcersice.ValidatePageTitle" name="TitleUrlPageSource" time="0.081"/>
</testsuite> <!-- SeleniumTestExcersice.ValidatePageTitle -->
