<?xml version="1.0" encoding="UTF-8"?>
<!-- Generated by org.testng.reporters.JUnitReportReporter -->
<testsuite hostname="DESKTOP-IG6S3FM" failures="0" tests="1" name="Seleniumbasictraining.RdioButtonExcercise" time="1.171" errors="0" timestamp="12 Oct 2021 02:42:12 GMT" skipped="0">
  <testcase classname="Seleniumbasictraining.RdioButtonExcercise" name="radioButtonValidation" time="1.171"/>
</testsuite> <!-- Seleniumbasictraining.RdioButtonExcercise -->
