<?xml version="1.0" encoding="UTF-8"?>
<!-- Generated by org.testng.reporters.JUnitReportReporter -->
<testsuite hostname="DESKTOP-IG6S3FM" failures="0" tests="1" name="Seleniumbasictraining.SelectListBox" time="7.338" errors="0" timestamp="18 Nov 2021 02:41:42 GMT" skipped="0">
  <testcase classname="Seleniumbasictraining.SelectListBox" name="SelectDropdownDynamically" time="7.338"/>
</testsuite> <!-- Seleniumbasictraining.SelectListBox -->
