<?xml version="1.0" encoding="UTF-8"?>
<!-- Generated by org.testng.reporters.JUnitReportReporter -->
<testsuite hostname="DESKTOP-IG6S3FM" failures="0" tests="1" name="SeleniumTestExcersice.GetPageSource" time="0.008" errors="0" timestamp="19 Oct 2021 00:00:34 GMT" skipped="0">
  <testcase classname="SeleniumTestExcersice.GetPageSource" name="f" time="0.008"/>
</testsuite> <!-- SeleniumTestExcersice.GetPageSource -->
