<?xml version="1.0" encoding="UTF-8"?>
<!-- Generated by org.testng.reporters.JUnitReportReporter -->
<testsuite hostname="DESKTOP-IG6S3FM" failures="0" tests="2" name="Seleniumbasictraining.WebEdit" time="3.308" errors="0" timestamp="09 Oct 2021 01:58:27 GMT" skipped="0">
  <testcase classname="Seleniumbasictraining.WebEdit" name="Login" time="3.307"/>
  <testcase classname="Seleniumbasictraining.WebEdit" name="mainTest" time="0.001"/>
</testsuite> <!-- Seleniumbasictraining.WebEdit -->
