<?xml version="1.0" encoding="UTF-8"?>
<!-- Generated by org.testng.reporters.JUnitReportReporter -->
<testsuite hostname="DESKTOP-IG6S3FM" failures="0" tests="1" name="SeleniumTestExcersice.VerifyingErrorMsgForUSErRegistration" time="39.178" errors="0" timestamp="25 Oct 2021 21:10:11 GMT" skipped="0">
  <testcase classname="SeleniumTestExcersice.VerifyingErrorMsgForUSErRegistration" name="UserRegistration" time="39.178"/>
</testsuite> <!-- SeleniumTestExcersice.VerifyingErrorMsgForUSErRegistration -->
