<?xml version="1.0" encoding="UTF-8"?>
<!-- Generated by org.testng.reporters.JUnitReportReporter -->
<testsuite hostname="DESKTOP-IG6S3FM" failures="0" tests="1" name="SeleniumTestExcersice.ScreenShotDynamically" time="0.429" errors="0" timestamp="07 Dec 2021 05:56:49 GMT" skipped="0">
  <testcase classname="SeleniumTestExcersice.ScreenShotDynamically" name="f" time="0.429"/>
</testsuite> <!-- SeleniumTestExcersice.ScreenShotDynamically -->
