<?xml version="1.0" encoding="UTF-8"?>
<!-- Generated by org.testng.reporters.JUnitReportReporter -->
<testsuite hostname="DESKTOP-IG6S3FM" failures="0" tests="2" name="Seleniumbasictraining.Alerts" time="9.099" errors="0" timestamp="30 Oct 2021 02:03:18 GMT" skipped="0">
  <testcase classname="Seleniumbasictraining.Alerts" name="f" time="0.002"/>
  <testcase classname="Seleniumbasictraining.Alerts" name="AlertsexercisewithAccept" time="9.097"/>
</testsuite> <!-- Seleniumbasictraining.Alerts -->
