<?xml version="1.0" encoding="UTF-8"?>
<!-- Generated by org.testng.reporters.JUnitReportReporter -->
<testsuite hostname="DESKTOP-IG6S3FM" failures="0" tests="1" name="SeleniumTestExcersice.LMSSwaggerPOSt" time="0.008" errors="0" timestamp="05 Nov 2021 05:53:00 GMT" skipped="0">
  <testcase classname="SeleniumTestExcersice.LMSSwaggerPOSt" name="f" time="0.008"/>
</testsuite> <!-- SeleniumTestExcersice.LMSSwaggerPOSt -->
